{"C:\\Users\\govin\\IdeaProjects\\BookStore\\Frontend\\src\\components\\theme.js": {"path":"C:\\Users\\govin\\IdeaProjects\\BookStore\\Frontend\\src\\components\\theme.js","statementMap":{"0":{"start":{"line":4,"column":14},"end":{"line":157,"column":2}}},"fnMap":{},"branchMap":{},"s":{"0":0},"f":{},"b":{}}
,"C:\\Users\\govin\\IdeaProjects\\BookStore\\Frontend\\src\\services\\api.js": {"path":"C:\\Users\\govin\\IdeaProjects\\BookStore\\Frontend\\src\\services\\api.js","statementMap":{"0":{"start":{"line":4,"column":21},"end":{"line":4,"column":86}},"1":{"start":{"line":6,"column":22},"end":{"line":11,"column":2}},"2":{"start":{"line":14,"column":0},"end":{"line":23,"column":2}},"3":{"start":{"line":16,"column":18},"end":{"line":16,"column":47}},"4":{"start":{"line":17,"column":4},"end":{"line":19,"column":5}},"5":{"start":{"line":18,"column":6},"end":{"line":18,"column":55}},"6":{"start":{"line":20,"column":4},"end":{"line":20,"column":18}},"7":{"start":{"line":22,"column":13},"end":{"line":22,"column":34}},"8":{"start":{"line":26,"column":27},"end":{"line":44,"column":1}},"9":{"start":{"line":29,"column":21},"end":{"line":29,"column":54}},"10":{"start":{"line":30,"column":4},"end":{"line":30,"column":25}},"11":{"start":{"line":33,"column":21},"end":{"line":33,"column":65}},"12":{"start":{"line":34,"column":4},"end":{"line":34,"column":25}},"13":{"start":{"line":37,"column":21},"end":{"line":37,"column":70}},"14":{"start":{"line":38,"column":4},"end":{"line":38,"column":25}},"15":{"start":{"line":41,"column":21},"end":{"line":41,"column":63}},"16":{"start":{"line":42,"column":4},"end":{"line":42,"column":25}},"17":{"start":{"line":47,"column":27},"end":{"line":57,"column":1}},"18":{"start":{"line":50,"column":21},"end":{"line":50,"column":73}},"19":{"start":{"line":51,"column":4},"end":{"line":51,"column":25}},"20":{"start":{"line":54,"column":21},"end":{"line":54,"column":73}},"21":{"start":{"line":55,"column":4},"end":{"line":55,"column":25}},"22":{"start":{"line":60,"column":27},"end":{"line":70,"column":1}},"23":{"start":{"line":63,"column":21},"end":{"line":63,"column":57}},"24":{"start":{"line":64,"column":4},"end":{"line":64,"column":25}},"25":{"start":{"line":67,"column":21},"end":{"line":67,"column":67}},"26":{"start":{"line":68,"column":4},"end":{"line":68,"column":25}},"27":{"start":{"line":73,"column":32},"end":{"line":78,"column":1}},"28":{"start":{"line":75,"column":21},"end":{"line":75,"column":59}},"29":{"start":{"line":76,"column":4},"end":{"line":76,"column":25}},"30":{"start":{"line":81,"column":29},"end":{"line":86,"column":1}},"31":{"start":{"line":83,"column":21},"end":{"line":83,"column":56}},"32":{"start":{"line":84,"column":4},"end":{"line":84,"column":25}},"33":{"start":{"line":89,"column":31},"end":{"line":94,"column":1}},"34":{"start":{"line":91,"column":21},"end":{"line":91,"column":59}},"35":{"start":{"line":92,"column":4},"end":{"line":92,"column":25}},"36":{"start":{"line":97,"column":29},"end":{"line":106,"column":1}},"37":{"start":{"line":99,"column":21},"end":{"line":99,"column":72}},"38":{"start":{"line":100,"column":4},"end":{"line":100,"column":25}},"39":{"start":{"line":103,"column":21},"end":{"line":103,"column":85}},"40":{"start":{"line":104,"column":4},"end":{"line":104,"column":25}},"41":{"start":{"line":109,"column":28},"end":{"line":118,"column":1}},"42":{"start":{"line":111,"column":21},"end":{"line":111,"column":67}},"43":{"start":{"line":112,"column":4},"end":{"line":112,"column":25}},"44":{"start":{"line":115,"column":21},"end":{"line":115,"column":55}},"45":{"start":{"line":116,"column":4},"end":{"line":116,"column":25}},"46":{"start":{"line":121,"column":28},"end":{"line":138,"column":1}},"47":{"start":{"line":123,"column":21},"end":{"line":123,"column":65}},"48":{"start":{"line":124,"column":4},"end":{"line":124,"column":25}},"49":{"start":{"line":127,"column":21},"end":{"line":127,"column":74}},"50":{"start":{"line":128,"column":4},"end":{"line":128,"column":25}},"51":{"start":{"line":132,"column":21},"end":{"line":135,"column":6}},"52":{"start":{"line":136,"column":4},"end":{"line":136,"column":25}},"53":{"start":{"line":141,"column":28},"end":{"line":152,"column":1}},"54":{"start":{"line":143,"column":21},"end":{"line":143,"column":35}},"55":{"start":{"line":144,"column":4},"end":{"line":144,"column":34}},"56":{"start":{"line":145,"column":21},"end":{"line":149,"column":6}},"57":{"start":{"line":150,"column":4},"end":{"line":150,"column":34}}},"fnMap":{"0":{"name":"(anonymous_0)","decl":{"start":{"line":15,"column":2},"end":{"line":15,"column":3}},"loc":{"start":{"line":15,"column":14},"end":{"line":21,"column":3}},"line":15},"1":{"name":"(anonymous_1)","decl":{"start":{"line":22,"column":2},"end":{"line":22,"column":3}},"loc":{"start":{"line":22,"column":13},"end":{"line":22,"column":34}},"line":22},"2":{"name":"(anonymous_2)","decl":{"start":{"line":28,"column":14},"end":{"line":28,"column":15}},"loc":{"start":{"line":28,"column":26},"end":{"line":31,"column":3}},"line":28},"3":{"name":"(anonymous_3)","decl":{"start":{"line":32,"column":14},"end":{"line":32,"column":15}},"loc":{"start":{"line":32,"column":34},"end":{"line":35,"column":3}},"line":32},"4":{"name":"(anonymous_4)","decl":{"start":{"line":36,"column":14},"end":{"line":36,"column":15}},"loc":{"start":{"line":36,"column":38},"end":{"line":39,"column":3}},"line":36},"5":{"name":"(anonymous_5)","decl":{"start":{"line":40,"column":14},"end":{"line":40,"column":15}},"loc":{"start":{"line":40,"column":28},"end":{"line":43,"column":3}},"line":40},"6":{"name":"(anonymous_6)","decl":{"start":{"line":49,"column":9},"end":{"line":49,"column":10}},"loc":{"start":{"line":49,"column":32},"end":{"line":52,"column":3}},"line":49},"7":{"name":"(anonymous_7)","decl":{"start":{"line":53,"column":12},"end":{"line":53,"column":13}},"loc":{"start":{"line":53,"column":32},"end":{"line":56,"column":3}},"line":53},"8":{"name":"(anonymous_8)","decl":{"start":{"line":61,"column":20},"end":{"line":61,"column":21}},"loc":{"start":{"line":61,"column":32},"end":{"line":65,"column":3}},"line":61},"9":{"name":"(anonymous_9)","decl":{"start":{"line":66,"column":21},"end":{"line":66,"column":22}},"loc":{"start":{"line":66,"column":41},"end":{"line":69,"column":3}},"line":66},"10":{"name":"(anonymous_10)","decl":{"start":{"line":74,"column":19},"end":{"line":74,"column":20}},"loc":{"start":{"line":74,"column":31},"end":{"line":77,"column":3}},"line":74},"11":{"name":"(anonymous_11)","decl":{"start":{"line":82,"column":16},"end":{"line":82,"column":17}},"loc":{"start":{"line":82,"column":28},"end":{"line":85,"column":3}},"line":82},"12":{"name":"(anonymous_12)","decl":{"start":{"line":90,"column":19},"end":{"line":90,"column":20}},"loc":{"start":{"line":90,"column":31},"end":{"line":93,"column":3}},"line":90},"13":{"name":"(anonymous_13)","decl":{"start":{"line":98,"column":16},"end":{"line":98,"column":17}},"loc":{"start":{"line":98,"column":34},"end":{"line":101,"column":3}},"line":98},"14":{"name":"(anonymous_14)","decl":{"start":{"line":102,"column":13},"end":{"line":102,"column":14}},"loc":{"start":{"line":102,"column":43},"end":{"line":105,"column":3}},"line":102},"15":{"name":"(anonymous_15)","decl":{"start":{"line":110,"column":15},"end":{"line":110,"column":16}},"loc":{"start":{"line":110,"column":36},"end":{"line":113,"column":3}},"line":110},"16":{"name":"(anonymous_16)","decl":{"start":{"line":114,"column":15},"end":{"line":114,"column":16}},"loc":{"start":{"line":114,"column":27},"end":{"line":117,"column":3}},"line":114},"17":{"name":"(anonymous_17)","decl":{"start":{"line":122,"column":14},"end":{"line":122,"column":15}},"loc":{"start":{"line":122,"column":26},"end":{"line":125,"column":3}},"line":122},"18":{"name":"(anonymous_18)","decl":{"start":{"line":126,"column":17},"end":{"line":126,"column":18}},"loc":{"start":{"line":126,"column":36},"end":{"line":129,"column":3}},"line":126},"19":{"name":"(anonymous_19)","decl":{"start":{"line":130,"column":14},"end":{"line":130,"column":15}},"loc":{"start":{"line":130,"column":41},"end":{"line":137,"column":3}},"line":130},"20":{"name":"(anonymous_20)","decl":{"start":{"line":142,"column":15},"end":{"line":142,"column":16}},"loc":{"start":{"line":142,"column":31},"end":{"line":151,"column":3}},"line":142}},"branchMap":{"0":{"loc":{"start":{"line":4,"column":21},"end":{"line":4,"column":86}},"type":"binary-expr","locations":[{"start":{"line":4,"column":21},"end":{"line":4,"column":55}},{"start":{"line":4,"column":59},"end":{"line":4,"column":86}}],"line":4},"1":{"loc":{"start":{"line":17,"column":4},"end":{"line":19,"column":5}},"type":"if","locations":[{"start":{"line":17,"column":4},"end":{"line":19,"column":5}},{"start":{},"end":{}}],"line":17},"2":{"loc":{"start":{"line":134,"column":17},"end":{"line":134,"column":31}},"type":"binary-expr","locations":[{"start":{"line":134,"column":17},"end":{"line":134,"column":26}},{"start":{"line":134,"column":30},"end":{"line":134,"column":31}}],"line":134}},"s":{"0":0,"1":0,"2":0,"3":0,"4":0,"5":0,"6":0,"7":0,"8":0,"9":0,"10":0,"11":0,"12":0,"13":0,"14":0,"15":0,"16":0,"17":0,"18":0,"19":0,"20":0,"21":0,"22":0,"23":0,"24":0,"25":0,"26":0,"27":0,"28":0,"29":0,"30":0,"31":0,"32":0,"33":0,"34":0,"35":0,"36":0,"37":0,"38":0,"39":0,"40":0,"41":0,"42":0,"43":0,"44":0,"45":0,"46":0,"47":0,"48":0,"49":0,"50":0,"51":0,"52":0,"53":0,"54":0,"55":0,"56":0,"57":0},"f":{"0":0,"1":0,"2":0,"3":0,"4":0,"5":0,"6":0,"7":0,"8":0,"9":0,"10":0,"11":0,"12":0,"13":0,"14":0,"15":0,"16":0,"17":0,"18":0,"19":0,"20":0},"b":{"0":[0,0],"1":[0,0],"2":[0,0]}}
}
